[GIN-debug] GET    /legacy/*filepath         --> github.com/gin-gonic/gin.(*RouterGroup).createStaticHandler.func1 (4 handlers)
[GIN-debug] HEAD   /legacy/*filepath         --> github.com/gin-gonic/gin.(*RouterGroup).createStaticHandler.func1 (4 handlers)
[GIN-debug] GET    /uploads/*filepath        --> github.com/gin-gonic/gin.(*RouterGroup).createStaticHandler.func1 (4 handlers)
[GIN-debug] HEAD   /uploads/*filepath        --> github.com/gin-gonic/gin.(*RouterGroup).createStaticHandler.func1 (4 handlers)
[GIN-debug] GET    /app/*path                --> totallyguysproject/internal/server.NewServer.func1 (4 handlers)
[GIN-debug] POST   /app/*path                --> totallyguysproject/internal/server.NewServer.func1 (4 handlers)
[GIN-debug] PUT    /app/*path                --> totallyguysproject/internal/server.NewServer.func1 (4 handlers)
[GIN-debug] PATCH  /app/*path                --> totallyguysproject/internal/server.NewServer.func1 (4 handlers)
[GIN-debug] HEAD   /app/*path                --> totallyguysproject/internal/server.NewServer.func1 (4 handlers)
[GIN-debug] OPTIONS /app/*path                --> totallyguysproject/internal/server.NewServer.func1 (4 handlers)
[GIN-debug] DELETE /app/*path                --> totallyguysproject/internal/server.NewServer.func1 (4 handlers)
[GIN-debug] CONNECT /app/*path                --> totallyguysproject/internal/server.NewServer.func1 (4 handlers)
[GIN-debug] TRACE  /app/*path                --> totallyguysproject/internal/server.NewServer.func1 (4 handlers)
[GIN-debug] GET    /ws                       --> totallyguysproject/internal/server.NewServer.func2 (4 handlers)
[GIN-debug] POST   /api/movies/:id/like      --> totallyguysproject/internal/server.NewServer.func3 (5 handlers)
[GIN-debug] DELETE /api/movies/:id/like      --> totallyguysproject/internal/server.NewServer.func4 (5 handlers)
[GIN-debug] POST   /api/movies/:id/reviews   --> totallyguysproject/internal/server.NewServer.func5 (5 handlers)
[GIN-debug] GET    /api/movies/load-by-genre --> totallyguysproject/internal/server.NewServer.func6 (4 handlers)
[GIN-debug] GET    /api/movies/:id/reviews   --> totallyguysproject/internal/server.NewServer.func7 (4 handlers)
[GIN-debug] GET    /api/movies/search        --> totallyguysproject/internal/server.NewServer.func8 (4 handlers)
[GIN-debug] GET    /api/movies/:id           --> totallyguysproject/internal/server.NewServer.func9 (4 handlers)
[GIN-debug] PUT    /api/reviews/:id          --> totallyguysproject/internal/server.NewServer.func10 (5 handlers)
[GIN-debug] DELETE /api/reviews/:id          --> totallyguysproject/internal/server.NewServer.func11 (5 handlers)
[GIN-debug] GET    /api/reviews/:id          --> totallyguysproject/internal/server.NewServer.func12 (5 handlers)
[GIN-debug] GET    /api/reviews/:id/comments --> totallyguysproject/internal/server.NewServer.func13 (5 handlers)
[GIN-debug] POST   /api/reviews/:id/comments --> totallyguysproject/internal/server.NewServer.func14 (5 handlers)
[GIN-debug] PUT    /api/comments/:id         --> totallyguysproject/internal/server.NewServer.func15 (5 handlers)
[GIN-debug] DELETE /api/comments/:id         --> totallyguysproject/internal/server.NewServer.func16 (5 handlers)
[GIN-debug] POST   /api/comments/:id/vote    --> totallyguysproject/internal/server.NewServer.func17 (5 handlers)
[GIN-debug] POST   /api/auth/register        --> totallyguysproject/internal/server.NewServer.func18 (4 handlers)
[GIN-debug] POST   /api/auth/login           --> totallyguysproject/internal/server.NewServer.func19 (4 handlers)
[GIN-debug] POST   /api/auth/logout          --> totallyguysproject/internal/handlers.Logout (4 handlers)
[GIN-debug] POST   /api/auth/verify          --> totallyguysproject/internal/server.NewServer.func20 (4 handlers)
[GIN-debug] POST   /api/auth/forgot-password --> totallyguysproject/internal/server.NewServer.func21 (4 handlers)
[GIN-debug] POST   /api/auth/reset-password  --> totallyguysproject/internal/server.NewServer.func22 (4 handlers)
[GIN-debug] GET    /api/users/:id/followers  --> totallyguysproject/internal/server.NewServer.func23 (4 handlers)
[GIN-debug] GET    /api/users/:id/following  --> totallyguysproject/internal/server.NewServer.func24 (4 handlers)
[GIN-debug] GET    /api/users/:id/reviews    --> totallyguysproject/internal/server.NewServer.func25 (4 handlers)
[GIN-debug] GET    /api/users/me             --> totallyguysproject/internal/server.NewServer.func26 (5 handlers)
[GIN-debug] DELETE /api/users/me             --> totallyguysproject/internal/server.NewServer.func27 (5 handlers)
[GIN-debug] PUT    /api/users/me             --> totallyguysproject/internal/server.NewServer.func28 (5 handlers)
[GIN-debug] POST   /api/users/me/avatar      --> totallyguysproject/internal/server.NewServer.func29 (5 handlers)
[GIN-debug] DELETE /api/users/me/avatar      --> totallyguysproject/internal/server.NewServer.func30 (5 handlers)
[GIN-debug] POST   /api/users/me/playlists/:playlist_id/cover --> totallyguysproject/internal/server.NewServer.func31 (5 handlers)
[GIN-debug] DELETE /api/users/me/playlists/:playlist_id/cover --> totallyguysproject/internal/server.NewServer.func32 (5 handlers)
[GIN-debug] GET    /api/users/me/playlists   --> totallyguysproject/internal/server.NewServer.func33 (5 handlers)
[GIN-debug] GET    /api/users/me/reviews     --> totallyguysproject/internal/server.NewServer.func34 (5 handlers)
[GIN-debug] GET    /api/users/me/followers   --> totallyguysproject/internal/server.NewServer.func35 (5 handlers)
[GIN-debug] GET    /api/users/me/following   --> totallyguysproject/internal/server.NewServer.func36 (5 handlers)
[GIN-debug] POST   /api/users/:id/follow     --> totallyguysproject/internal/server.NewServer.func37 (5 handlers)
[GIN-debug] DELETE /api/users/:id/follow     --> totallyguysproject/internal/server.NewServer.func38 (5 handlers)
[GIN-debug] GET    /api/users/:id/is-following --> totallyguysproject/internal/server.NewServer.func39 (5 handlers)
[GIN-debug] GET    /api/users/:id/playlists  --> totallyguysproject/internal/server.NewServer.func40 (4 handlers)
[GIN-debug] GET    /api/users/search         --> totallyguysproject/internal/server.NewServer.func41 (4 handlers)
[GIN-debug] GET    /api/users/:id            --> totallyguysproject/internal/server.NewServer.func42 (4 handlers)
[GIN-debug] POST   /api/playlists            --> totallyguysproject/internal/server.NewServer.func43 (5 handlers)
[GIN-debug] POST   /api/playlists/:id/add    --> totallyguysproject/internal/server.NewServer.func44 (5 handlers)
[GIN-debug] DELETE /api/playlists/:id        --> totallyguysproject/internal/server.NewServer.func45 (5 handlers)
[GIN-debug] DELETE /api/playlists/:id/movies/:movie_id --> totallyguysproject/internal/server.NewServer.func46 (5 handlers)
[GIN-debug] PUT    /api/playlists/:id/movies/:movie_id/description --> totallyguysproject/internal/server.NewServer.func47 (5 handlers)
[GIN-debug] GET    /api/playlists/:id        --> totallyguysproject/internal/server.NewServer.func48 (4 handlers)
[GIN-debug] GET    /                         --> totallyguysproject/internal/server.NewServer.func49 (4 handlers)
[GIN-debug] GET    /swagger/*any             --> github.com/swaggo/gin-swagger.CustomWrapHandler.func1 (4 handlers)
[GIN-debug] [WARNING] You trusted all proxies, this is NOT safe. We recommend you to set a value.
Please check https://github.com/gin-gonic/gin/blob/master/docs/doc.md#dont-trust-all-proxies for details.
[GIN-debug] Listening and serving HTTP on :8080
